{
  "stats": {
    "suites": 1,
    "tests": 4,
    "passes": 4,
    "pending": 0,
    "failures": 0,
    "start": "2022-03-29T02:47:35.536Z",
    "end": "2022-03-29T02:47:43.510Z",
    "duration": 7974,
    "testsRegistered": 4,
    "passPercent": 100,
    "pendingPercent": 0,
    "other": 0,
    "hasOther": false,
    "skipped": 0,
    "hasSkipped": false
  },
  "results": [
    {
      "uuid": "e3ca3187-6ba6-46d6-befb-74388a4f07be",
      "title": "",
      "fullFile": "cypress/tests/e2e-login.spec.js",
      "file": "cypress/tests/e2e-login.spec.js",
      "beforeHooks": [],
      "afterHooks": [],
      "tests": [],
      "suites": [
        {
          "uuid": "aca251ca-694f-426e-a861-87c343d1e0c6",
          "title": "Login e2e Test",
          "fullFile": "",
          "file": "",
          "beforeHooks": [],
          "afterHooks": [],
          "tests": [
            {
              "title": "Quando eu informar os dados corretos, o login deve ser efetuado",
              "fullTitle": "Login e2e Test Quando eu informar os dados corretos, o login deve ser efetuado",
              "timedOut": null,
              "duration": 3747,
              "state": "passed",
              "speed": "fast",
              "pass": true,
              "fail": false,
              "pending": false,
              "context": null,
              "code": "cy.get('input[type=email]').type('matheus.santos.ciencia@gmail.com');\ncy.get('input[type=password]').type('880112');\ncy.get('button[type=submit]').click();",
              "err": {},
              "uuid": "4e1516f4-c410-4584-a9cc-2d0f01ae3505",
              "parentUUID": "aca251ca-694f-426e-a861-87c343d1e0c6",
              "isHook": false,
              "skipped": false
            },
            {
              "title": "Quando eu informar os dados incorretos, o login não deve ser efetuado",
              "fullTitle": "Login e2e Test Quando eu informar os dados incorretos, o login não deve ser efetuado",
              "timedOut": null,
              "duration": 2180,
              "state": "passed",
              "speed": "fast",
              "pass": true,
              "fail": false,
              "pending": false,
              "context": null,
              "code": "cy.get('input[type=email]').type(Chance.email());\ncy.get('input[type=password]').type(chance.last());\ncy.get('button[type=submit]').click();\ncy.contains('email or password is invalid').should('be.visible');",
              "err": {},
              "uuid": "b929293f-e632-4521-a0a5-14b6b5053782",
              "parentUUID": "aca251ca-694f-426e-a861-87c343d1e0c6",
              "isHook": false,
              "skipped": false
            },
            {
              "title": "Quando eu informar somente o email, o login não deve ser efetuado",
              "fullTitle": "Login e2e Test Quando eu informar somente o email, o login não deve ser efetuado",
              "timedOut": null,
              "duration": 1105,
              "state": "passed",
              "speed": "fast",
              "pass": true,
              "fail": false,
              "pending": false,
              "context": null,
              "code": "cy.get('input[type=email]').type(Chance.email());\ncy.get('button[type=submit]').click();\ncy.contains(\"password can't be blank\").should('be.visible');",
              "err": {},
              "uuid": "e121bd8a-6b43-447c-859d-41c55f42f86c",
              "parentUUID": "aca251ca-694f-426e-a861-87c343d1e0c6",
              "isHook": false,
              "skipped": false
            },
            {
              "title": "Quando eu informar somente a senha, o login não deve ser efetuado",
              "fullTitle": "Login e2e Test Quando eu informar somente a senha, o login não deve ser efetuado",
              "timedOut": null,
              "duration": 837,
              "state": "passed",
              "speed": "fast",
              "pass": true,
              "fail": false,
              "pending": false,
              "context": null,
              "code": "cy.get('input[type=password]').type(chance.last());\ncy.get('button[type=submit]').click();\ncy.contains(\"email can't be blank\").should('be.visible');",
              "err": {},
              "uuid": "40cbc646-2996-4c8b-adb9-92071c564c9d",
              "parentUUID": "aca251ca-694f-426e-a861-87c343d1e0c6",
              "isHook": false,
              "skipped": false
            }
          ],
          "suites": [],
          "passes": [
            "4e1516f4-c410-4584-a9cc-2d0f01ae3505",
            "b929293f-e632-4521-a0a5-14b6b5053782",
            "e121bd8a-6b43-447c-859d-41c55f42f86c",
            "40cbc646-2996-4c8b-adb9-92071c564c9d"
          ],
          "failures": [],
          "pending": [],
          "skipped": [],
          "duration": 7869,
          "root": false,
          "rootEmpty": false,
          "_timeout": 2000
        }
      ],
      "passes": [],
      "failures": [],
      "pending": [],
      "skipped": [],
      "duration": 0,
      "root": true,
      "rootEmpty": true,
      "_timeout": 2000
    }
  ],
  "meta": {
    "mocha": {
      "version": "7.0.1"
    },
    "mochawesome": {
      "options": {
        "quiet": true,
        "reportFilename": "mochawesome",
        "saveHtml": false,
        "saveJson": true,
        "consoleReporter": "spec",
        "useInlineDiffs": false,
        "code": true
      },
      "version": "7.1.3"
    },
    "marge": {
      "options": {
        "id": "default",
        "reportDir": "mochawesome-report",
        "quiet": true,
        "overwrite": false,
        "html": false,
        "json": true
      },
      "version": "6.2.0"
    }
  }
}