{
  "stats": {
    "suites": 1,
    "tests": 4,
    "passes": 4,
    "pending": 0,
    "failures": 0,
    "start": "2022-03-29T02:25:30.091Z",
    "end": "2022-03-29T02:25:31.116Z",
    "duration": 1025,
    "testsRegistered": 4,
    "passPercent": 100,
    "pendingPercent": 0,
    "other": 0,
    "hasOther": false,
    "skipped": 0,
    "hasSkipped": false
  },
  "results": [
    {
      "uuid": "9d5dd2cf-d0d4-4386-8756-af62f9c37327",
      "title": "",
      "fullFile": "cypress/tests/api-login.spec.js",
      "file": "cypress/tests/api-login.spec.js",
      "beforeHooks": [],
      "afterHooks": [],
      "tests": [],
      "suites": [
        {
          "uuid": "ebca965a-2838-4220-80f2-d65b488fc10f",
          "title": "Login Api Test",
          "fullFile": "",
          "file": "",
          "beforeHooks": [],
          "afterHooks": [],
          "tests": [
            {
              "title": "login com sucesso",
              "fullTitle": "Login Api Test login com sucesso",
              "timedOut": null,
              "duration": 517,
              "state": "passed",
              "speed": "fast",
              "pass": true,
              "fail": false,
              "pending": false,
              "context": null,
              "code": "cy.request({\n  url: 'https://api.realworld.io/api/users/login',\n  method: 'POST',\n  status: 200,\n  body: {\n    user: {\n      email: 'matheus.santos.ciencia@gmail.com',\n      password: '880112'\n    }\n  }\n}).then(response => {\n  console.log(response);\n  expect(response.status).to.eq(200);\n});",
              "err": {},
              "uuid": "57fe4291-f4a1-4be2-9b91-89144a7babb7",
              "parentUUID": "ebca965a-2838-4220-80f2-d65b488fc10f",
              "isHook": false,
              "skipped": false
            },
            {
              "title": "login com email ou senha errado",
              "fullTitle": "Login Api Test login com email ou senha errado",
              "timedOut": null,
              "duration": 154,
              "state": "passed",
              "speed": "fast",
              "pass": true,
              "fail": false,
              "pending": false,
              "context": null,
              "code": "cy.request({\n  url: 'https://api.realworld.io/api/users/login',\n  failOnStatusCode: false,\n  method: 'POST',\n  status: 403,\n  statusText: 'Forbidden',\n  body: {\n    user: {\n      email: 'matheus.santos.cienciaa@gmail.com',\n      password: '880112'\n    }\n  }\n}).then(response => {\n  console.log(response);\n  expect(response.status).to.eq(403);\n  expect(response.body.errors[\"email or password\"][0]).to.have.eq('is invalid');\n});",
              "err": {},
              "uuid": "a66140b9-a01e-41ef-8021-346f50e6f30f",
              "parentUUID": "ebca965a-2838-4220-80f2-d65b488fc10f",
              "isHook": false,
              "skipped": false
            },
            {
              "title": "Quando eu informo o login com somente o email, entao o login nao deve ser efetuado",
              "fullTitle": "Login Api Test Quando eu informo o login com somente o email, entao o login nao deve ser efetuado",
              "timedOut": null,
              "duration": 143,
              "state": "passed",
              "speed": "fast",
              "pass": true,
              "fail": false,
              "pending": false,
              "context": null,
              "code": "cy.request({\n  url: 'https://api.realworld.io/api/users/login',\n  failOnStatusCode: false,\n  method: 'POST',\n  status: 500,\n  body: {\n    \"errors\": {\n      \"password\": [\"can't be blank\"]\n    }\n  }\n}).then(response => {\n  console.log(response);\n  expect(response.status).to.eq(500);\n  expect(response.body).to.have.eq(\"Cannot read properties of undefined (reading 'email')\");\n});",
              "err": {},
              "uuid": "7fec6719-255d-4c32-961f-2f36724ddb41",
              "parentUUID": "ebca965a-2838-4220-80f2-d65b488fc10f",
              "isHook": false,
              "skipped": false
            },
            {
              "title": "Quando eu informo o login com somente o a senha, entao o login nao deve ser efetuado",
              "fullTitle": "Login Api Test Quando eu informo o login com somente o a senha, entao o login nao deve ser efetuado",
              "timedOut": null,
              "duration": 144,
              "state": "passed",
              "speed": "fast",
              "pass": true,
              "fail": false,
              "pending": false,
              "context": null,
              "code": "cy.request({\n  url: 'https://api.realworld.io/api/users/login',\n  failOnStatusCode: false,\n  method: 'POST',\n  status: 500,\n  statusText: 'Forbidden',\n  body: {\n    \"errors\": {\n      \"email\": [\"can't be blank\"]\n    }\n  }\n}).then(response => {\n  console.log(response);\n  expect(response.status).to.eq(500);\n  expect(response.body).to.have.eq(\"Cannot read properties of undefined (reading 'email')\");\n  expect(response.statusText).to.have.eq(\"Internal Server Error\");\n});",
              "err": {},
              "uuid": "dba82046-7d35-46e2-a336-bb8891ec1eb5",
              "parentUUID": "ebca965a-2838-4220-80f2-d65b488fc10f",
              "isHook": false,
              "skipped": false
            }
          ],
          "suites": [],
          "passes": [
            "57fe4291-f4a1-4be2-9b91-89144a7babb7",
            "a66140b9-a01e-41ef-8021-346f50e6f30f",
            "7fec6719-255d-4c32-961f-2f36724ddb41",
            "dba82046-7d35-46e2-a336-bb8891ec1eb5"
          ],
          "failures": [],
          "pending": [],
          "skipped": [],
          "duration": 958,
          "root": false,
          "rootEmpty": false,
          "_timeout": 2000
        }
      ],
      "passes": [],
      "failures": [],
      "pending": [],
      "skipped": [],
      "duration": 0,
      "root": true,
      "rootEmpty": true,
      "_timeout": 2000
    }
  ],
  "meta": {
    "mocha": {
      "version": "7.0.1"
    },
    "mochawesome": {
      "options": {
        "quiet": true,
        "reportFilename": "mochawesome",
        "saveHtml": false,
        "saveJson": true,
        "consoleReporter": "spec",
        "useInlineDiffs": false,
        "code": true
      },
      "version": "7.1.3"
    },
    "marge": {
      "options": {
        "id": "default",
        "reportDir": "mochawesome-report",
        "quiet": true,
        "overwrite": false,
        "html": false,
        "json": true
      },
      "version": "6.2.0"
    }
  }
}