{
  "stats": {
    "suites": 1,
    "tests": 4,
    "passes": 4,
    "pending": 0,
    "failures": 0,
    "start": "2022-03-29T02:51:20.866Z",
    "end": "2022-03-29T02:51:22.328Z",
    "duration": 1462,
    "testsRegistered": 4,
    "passPercent": 100,
    "pendingPercent": 0,
    "other": 0,
    "hasOther": false,
    "skipped": 0,
    "hasSkipped": false
  },
  "results": [
    {
      "uuid": "1f5f255c-6416-4734-9c75-6f7151aaec7f",
      "title": "",
      "fullFile": "cypress/tests/api-login.spec.js",
      "file": "cypress/tests/api-login.spec.js",
      "beforeHooks": [],
      "afterHooks": [],
      "tests": [],
      "suites": [
        {
          "uuid": "0b15d282-0d3a-46b1-8bad-c01c7d8ac734",
          "title": "Login Api Test",
          "fullFile": "",
          "file": "",
          "beforeHooks": [],
          "afterHooks": [],
          "tests": [
            {
              "title": "login com sucesso",
              "fullTitle": "Login Api Test login com sucesso",
              "timedOut": null,
              "duration": 926,
              "state": "passed",
              "speed": "fast",
              "pass": true,
              "fail": false,
              "pending": false,
              "context": null,
              "code": "cy.request({\n  url: 'https://api.realworld.io/api/users/login',\n  method: 'POST',\n  status: 200,\n  body: {\n    user: {\n      email: 'matheus.santos.ciencia@gmail.com',\n      password: '880112'\n    }\n  }\n}).then(response => {\n  console.log(response);\n  expect(response.status).to.eq(200);\n});",
              "err": {},
              "uuid": "5a59e9b0-374c-4a8e-a98c-e1839205806e",
              "parentUUID": "0b15d282-0d3a-46b1-8bad-c01c7d8ac734",
              "isHook": false,
              "skipped": false
            },
            {
              "title": "login com email ou senha errado",
              "fullTitle": "Login Api Test login com email ou senha errado",
              "timedOut": null,
              "duration": 155,
              "state": "passed",
              "speed": "fast",
              "pass": true,
              "fail": false,
              "pending": false,
              "context": null,
              "code": "cy.request({\n  url: 'https://api.realworld.io/api/users/login',\n  failOnStatusCode: false,\n  method: 'POST',\n  status: 403,\n  statusText: 'Forbidden',\n  body: {\n    user: {\n      email: 'matheus.santos.cienciaa@gmail.com',\n      password: '880112'\n    }\n  }\n}).then(response => {\n  console.log(response);\n  expect(response.status).to.eq(403);\n  expect(response.body.errors[\"email or password\"][0]).to.have.eq('is invalid');\n});",
              "err": {},
              "uuid": "5c2f97aa-f0da-41f0-8ce2-0467710154cb",
              "parentUUID": "0b15d282-0d3a-46b1-8bad-c01c7d8ac734",
              "isHook": false,
              "skipped": false
            },
            {
              "title": "Quando eu informo o login com somente o email, entao o login nao deve ser efetuado",
              "fullTitle": "Login Api Test Quando eu informo o login com somente o email, entao o login nao deve ser efetuado",
              "timedOut": null,
              "duration": 140,
              "state": "passed",
              "speed": "fast",
              "pass": true,
              "fail": false,
              "pending": false,
              "context": null,
              "code": "cy.request({\n  url: 'https://api.realworld.io/api/users/login',\n  failOnStatusCode: false,\n  method: 'POST',\n  status: 500,\n  body: {\n    \"errors\": {\n      \"password\": [\"can't be blank\"]\n    }\n  }\n}).then(response => {\n  console.log(response);\n  expect(response.status).to.eq(500);\n  expect(response.body).to.have.eq(\"Cannot read properties of undefined (reading 'email')\");\n});",
              "err": {},
              "uuid": "5e43f3c3-53b1-441c-afa9-43034b2cc5a5",
              "parentUUID": "0b15d282-0d3a-46b1-8bad-c01c7d8ac734",
              "isHook": false,
              "skipped": false
            },
            {
              "title": "Quando eu informo o login com somente o a senha, entao o login nao deve ser efetuado",
              "fullTitle": "Login Api Test Quando eu informo o login com somente o a senha, entao o login nao deve ser efetuado",
              "timedOut": null,
              "duration": 172,
              "state": "passed",
              "speed": "fast",
              "pass": true,
              "fail": false,
              "pending": false,
              "context": null,
              "code": "cy.request({\n  url: 'https://api.realworld.io/api/users/login',\n  failOnStatusCode: false,\n  method: 'POST',\n  status: 500,\n  statusText: 'Forbidden',\n  body: {\n    \"errors\": {\n      \"email\": [\"can't be blank\"]\n    }\n  }\n}).then(response => {\n  console.log(response);\n  expect(response.status).to.eq(500);\n  expect(response.body).to.have.eq(\"Cannot read properties of undefined (reading 'email')\");\n  expect(response.statusText).to.have.eq(\"Internal Server Error\");\n});",
              "err": {},
              "uuid": "601b3457-5055-41c1-9bce-a91e834a0222",
              "parentUUID": "0b15d282-0d3a-46b1-8bad-c01c7d8ac734",
              "isHook": false,
              "skipped": false
            }
          ],
          "suites": [],
          "passes": [
            "5a59e9b0-374c-4a8e-a98c-e1839205806e",
            "5c2f97aa-f0da-41f0-8ce2-0467710154cb",
            "5e43f3c3-53b1-441c-afa9-43034b2cc5a5",
            "601b3457-5055-41c1-9bce-a91e834a0222"
          ],
          "failures": [],
          "pending": [],
          "skipped": [],
          "duration": 1393,
          "root": false,
          "rootEmpty": false,
          "_timeout": 2000
        }
      ],
      "passes": [],
      "failures": [],
      "pending": [],
      "skipped": [],
      "duration": 0,
      "root": true,
      "rootEmpty": true,
      "_timeout": 2000
    }
  ],
  "meta": {
    "mocha": {
      "version": "7.0.1"
    },
    "mochawesome": {
      "options": {
        "quiet": true,
        "reportFilename": "mochawesome",
        "saveHtml": false,
        "saveJson": true,
        "consoleReporter": "spec",
        "useInlineDiffs": false,
        "code": true
      },
      "version": "7.1.3"
    },
    "marge": {
      "options": {
        "id": "default",
        "reportDir": "mochawesome-report",
        "quiet": true,
        "overwrite": false,
        "html": false,
        "json": true
      },
      "version": "6.2.0"
    }
  }
}