{
  "stats": {
    "suites": 1,
    "tests": 4,
    "passes": 4,
    "pending": 0,
    "failures": 0,
    "start": "2022-03-29T02:48:30.013Z",
    "end": "2022-03-29T02:48:38.446Z",
    "duration": 8433,
    "testsRegistered": 4,
    "passPercent": 100,
    "pendingPercent": 0,
    "other": 0,
    "hasOther": false,
    "skipped": 0,
    "hasSkipped": false
  },
  "results": [
    {
      "uuid": "026b834b-dc60-4cc4-8805-6adcda152959",
      "title": "",
      "fullFile": "cypress/tests/e2e-login.spec.js",
      "file": "cypress/tests/e2e-login.spec.js",
      "beforeHooks": [],
      "afterHooks": [],
      "tests": [],
      "suites": [
        {
          "uuid": "f2ffb684-e310-469c-a8d1-ab1a123c892e",
          "title": "Login e2e Test",
          "fullFile": "",
          "file": "",
          "beforeHooks": [],
          "afterHooks": [],
          "tests": [
            {
              "title": "Quando eu informar os dados corretos, o login deve ser efetuado",
              "fullTitle": "Login e2e Test Quando eu informar os dados corretos, o login deve ser efetuado",
              "timedOut": null,
              "duration": 3981,
              "state": "passed",
              "speed": "fast",
              "pass": true,
              "fail": false,
              "pending": false,
              "context": null,
              "code": "cy.get('input[type=email]').type('matheus.santos.ciencia@gmail.com');\ncy.get('input[type=password]').type('880112');\ncy.get('button[type=submit]').click();",
              "err": {},
              "uuid": "cd143d3d-3f94-4ea3-9cea-e931f9551d32",
              "parentUUID": "f2ffb684-e310-469c-a8d1-ab1a123c892e",
              "isHook": false,
              "skipped": false
            },
            {
              "title": "Quando eu informar os dados incorretos, o login não deve ser efetuado",
              "fullTitle": "Login e2e Test Quando eu informar os dados incorretos, o login não deve ser efetuado",
              "timedOut": null,
              "duration": 2333,
              "state": "passed",
              "speed": "fast",
              "pass": true,
              "fail": false,
              "pending": false,
              "context": null,
              "code": "cy.get('input[type=email]').type(Chance.email());\ncy.get('input[type=password]').type(chance.last());\ncy.get('button[type=submit]').click();\ncy.contains('email or password is invalid').should('be.visible');",
              "err": {},
              "uuid": "b418d190-7ced-4802-9e26-e200d805e3ed",
              "parentUUID": "f2ffb684-e310-469c-a8d1-ab1a123c892e",
              "isHook": false,
              "skipped": false
            },
            {
              "title": "Quando eu informar somente o email, o login não deve ser efetuado",
              "fullTitle": "Login e2e Test Quando eu informar somente o email, o login não deve ser efetuado",
              "timedOut": null,
              "duration": 1121,
              "state": "passed",
              "speed": "fast",
              "pass": true,
              "fail": false,
              "pending": false,
              "context": null,
              "code": "cy.get('input[type=email]').type(Chance.email());\ncy.get('button[type=submit]').click();\ncy.contains(\"password can't be blank\").should('be.visible');",
              "err": {},
              "uuid": "15dcedee-6899-46c6-bcd6-a52cb851d079",
              "parentUUID": "f2ffb684-e310-469c-a8d1-ab1a123c892e",
              "isHook": false,
              "skipped": false
            },
            {
              "title": "Quando eu informar somente a senha, o login não deve ser efetuado",
              "fullTitle": "Login e2e Test Quando eu informar somente a senha, o login não deve ser efetuado",
              "timedOut": null,
              "duration": 895,
              "state": "passed",
              "speed": "fast",
              "pass": true,
              "fail": false,
              "pending": false,
              "context": null,
              "code": "cy.get('input[type=password]').type(chance.last());\ncy.get('button[type=submit]').click();\ncy.contains(\"email can't be blank\").should('be.visible');",
              "err": {},
              "uuid": "194f6267-20e4-4dc0-bc7f-fc7c02fff3fb",
              "parentUUID": "f2ffb684-e310-469c-a8d1-ab1a123c892e",
              "isHook": false,
              "skipped": false
            }
          ],
          "suites": [],
          "passes": [
            "cd143d3d-3f94-4ea3-9cea-e931f9551d32",
            "b418d190-7ced-4802-9e26-e200d805e3ed",
            "15dcedee-6899-46c6-bcd6-a52cb851d079",
            "194f6267-20e4-4dc0-bc7f-fc7c02fff3fb"
          ],
          "failures": [],
          "pending": [],
          "skipped": [],
          "duration": 8330,
          "root": false,
          "rootEmpty": false,
          "_timeout": 2000
        }
      ],
      "passes": [],
      "failures": [],
      "pending": [],
      "skipped": [],
      "duration": 0,
      "root": true,
      "rootEmpty": true,
      "_timeout": 2000
    }
  ],
  "meta": {
    "mocha": {
      "version": "7.0.1"
    },
    "mochawesome": {
      "options": {
        "quiet": true,
        "reportFilename": "mochawesome",
        "saveHtml": false,
        "saveJson": true,
        "consoleReporter": "spec",
        "useInlineDiffs": false,
        "code": true
      },
      "version": "7.1.3"
    },
    "marge": {
      "options": {
        "id": "default",
        "reportDir": "mochawesome-report",
        "quiet": true,
        "overwrite": false,
        "html": false,
        "json": true
      },
      "version": "6.2.0"
    }
  }
}